[[[自动注册扩展缓存完成]]]
[2019/07/19 14:28:25.3908]
[线程：1]
注册总用时：13.0013ms
自动扫描程序集：0个
扩展缓存：

[[[微信扩展缓存注册完成]]]
[2019/07/19 14:28:25.3958]
[线程：1]
微信扩展缓存注册总用时：0ms
扩展缓存：Senparc.Weixin.Cache.LocalContainerCacheStrategy

[[[RegisterApiBind() 自动扫描程序集报告（非程序异常）：System.ServiceModel, Version=4.0.0.0, Culture=neutral, PublicKeyToken=b77a5c561934e089]]]
[2019/07/19 14:28:25.4908]
[线程：1]
System.Reflection.ReflectionTypeLoadException: Unable to load one or more of the requested types. Retrieve the LoaderExceptions property for more information.
   at System.Reflection.RuntimeModule.GetTypes(RuntimeModule module)
   at System.Reflection.RuntimeModule.GetTypes()
   at System.Reflection.Assembly.GetTypes()
   at Senparc.NeuChar.Register.RegisterApiBind(Boolean forceBindAgain)

[[[RegisterApiBind() 自动扫描程序集报告（非程序异常）：System.ServiceModel.Activation, Version=4.0.0.0, Culture=neutral, PublicKeyToken=31bf3856ad364e35]]]
[2019/07/19 14:28:25.5118]
[线程：1]
System.Reflection.ReflectionTypeLoadException: Unable to load one or more of the requested types. Retrieve the LoaderExceptions property for more information.
   at System.Reflection.RuntimeModule.GetTypes(RuntimeModule module)
   at System.Reflection.RuntimeModule.GetTypes()
   at System.Reflection.Assembly.GetTypes()
   at Senparc.NeuChar.Register.RegisterApiBind(Boolean forceBindAgain)

[[[RegisterApiBind() 自动扫描程序集报告（非程序异常）：Senparc.CO2NET, Version=0.7.2.1, Culture=neutral, PublicKeyToken=null]]]
[2019/07/19 14:28:25.5378]
[线程：1]
System.Reflection.ReflectionTypeLoadException: Unable to load one or more of the requested types. Retrieve the LoaderExceptions property for more information.
   at System.Reflection.RuntimeModule.GetTypes(RuntimeModule module)
   at System.Reflection.RuntimeModule.GetTypes()
   at System.Reflection.Assembly.GetTypes()
   at Senparc.NeuChar.Register.RegisterApiBind(Boolean forceBindAgain)

[[[自动注册扩展缓存完成]]]
[2019/07/19 14:30:30.6633]
[线程：1]
注册总用时：15.0015ms
自动扫描程序集：0个
扩展缓存：

[[[微信扩展缓存注册完成]]]
[2019/07/19 14:30:30.6713]
[线程：1]
微信扩展缓存注册总用时：0ms
扩展缓存：Senparc.Weixin.Cache.LocalContainerCacheStrategy

[[[RegisterApiBind() 自动扫描程序集报告（非程序异常）：System.ServiceModel, Version=4.0.0.0, Culture=neutral, PublicKeyToken=b77a5c561934e089]]]
[2019/07/19 14:30:30.7623]
[线程：1]
System.Reflection.ReflectionTypeLoadException: Unable to load one or more of the requested types. Retrieve the LoaderExceptions property for more information.
   at System.Reflection.RuntimeModule.GetTypes(RuntimeModule module)
   at System.Reflection.RuntimeModule.GetTypes()
   at System.Reflection.Assembly.GetTypes()
   at Senparc.NeuChar.Register.RegisterApiBind(Boolean forceBindAgain)

[[[RegisterApiBind() 自动扫描程序集报告（非程序异常）：System.ServiceModel.Activation, Version=4.0.0.0, Culture=neutral, PublicKeyToken=31bf3856ad364e35]]]
[2019/07/19 14:30:30.7803]
[线程：1]
System.Reflection.ReflectionTypeLoadException: Unable to load one or more of the requested types. Retrieve the LoaderExceptions property for more information.
   at System.Reflection.RuntimeModule.GetTypes(RuntimeModule module)
   at System.Reflection.RuntimeModule.GetTypes()
   at System.Reflection.Assembly.GetTypes()
   at Senparc.NeuChar.Register.RegisterApiBind(Boolean forceBindAgain)

[[[RegisterApiBind() 自动扫描程序集报告（非程序异常）：Senparc.CO2NET, Version=0.7.2.1, Culture=neutral, PublicKeyToken=null]]]
[2019/07/19 14:30:30.8133]
[线程：1]
System.Reflection.ReflectionTypeLoadException: Unable to load one or more of the requested types. Retrieve the LoaderExceptions property for more information.
   at System.Reflection.RuntimeModule.GetTypes(RuntimeModule module)
   at System.Reflection.RuntimeModule.GetTypes()
   at System.Reflection.Assembly.GetTypes()
   at Senparc.NeuChar.Register.RegisterApiBind(Boolean forceBindAgain)

